{"message":"::1 - - [08/Nov/2018:11:47:37 +0000] \"GET / HTTP/1.1\" 304 - \"-\" \"Mozilla/5.0 (Windows NT 10.0; Win64; x64) AppleWebKit/537.36 (KHTML, like Gecko) Chrome/70.0.3538.77 Safari/537.36\"\n","level":"info"}
{"message":"::1 - - [08/Nov/2018:11:47:37 +0000] \"GET /stylesheets/style.css HTTP/1.1\" 304 - \"http://localhost:3000/\" \"Mozilla/5.0 (Windows NT 10.0; Win64; x64) AppleWebKit/537.36 (KHTML, like Gecko) Chrome/70.0.3538.77 Safari/537.36\"\n","level":"info"}
undefined
undefined
undefined
undefined
2018-11-08 17:20:02 info: 	::1 - - [08/Nov/2018:11:50:02 +0000] "GET / HTTP/1.1" 304 - "-" "Mozilla/5.0 (Windows NT 10.0; Win64; x64) AppleWebKit/537.36 (KHTML, like Gecko) Chrome/70.0.3538.77 Safari/537.36"

2018-11-08 17:20:02 info: 	::1 - - [08/Nov/2018:11:50:02 +0000] "GET /stylesheets/style.css HTTP/1.1" 304 - "http://localhost:3000/" "Mozilla/5.0 (Windows NT 10.0; Win64; x64) AppleWebKit/537.36 (KHTML, like Gecko) Chrome/70.0.3538.77 Safari/537.36"

2018-11-08 17:20:33 info: 	::1 - - [08/Nov/2018:11:50:33 +0000] "GET / HTTP/1.1" 304 - "-" "Mozilla/5.0 (Windows NT 10.0; Win64; x64) AppleWebKit/537.36 (KHTML, like Gecko) Chrome/70.0.3538.77 Safari/537.36"

2018-11-08 17:20:33 info: 	::1 - - [08/Nov/2018:11:50:33 +0000] "GET /stylesheets/style.css HTTP/1.1" 304 - "http://localhost:3000/" "Mozilla/5.0 (Windows NT 10.0; Win64; x64) AppleWebKit/537.36 (KHTML, like Gecko) Chrome/70.0.3538.77 Safari/537.36"

2018-11-08 17:21:43 info: 	::1 - - [08/Nov/2018:11:51:43 +0000] "GET / HTTP/1.1" 200 170 "-" "Mozilla/5.0 (Windows NT 10.0; Win64; x64) AppleWebKit/537.36 (KHTML, like Gecko) Chrome/64.0.3282.140 Safari/537.36 Edge/17.17134"

2018-11-08 17:21:43 info: 	::1 - - [08/Nov/2018:11:51:43 +0000] "GET /stylesheets/style.css HTTP/1.1" 200 111 "http://localhost:3000/" "Mozilla/5.0 (Windows NT 10.0; Win64; x64) AppleWebKit/537.36 (KHTML, like Gecko) Chrome/64.0.3282.140 Safari/537.36 Edge/17.17134"

2018-11-08 17:22:48 info: 	::1 - - [08/Nov/2018:11:52:48 +0000] "GET / HTTP/1.1" 200 170 "-" "Mozilla/5.0 (Windows NT 10.0; Win64; x64) AppleWebKit/537.36 (KHTML, like Gecko) Chrome/69.0.3497.100 Safari/537.36 OPR/56.0.3051.99"

2018-11-08 17:22:48 info: 	::1 - - [08/Nov/2018:11:52:48 +0000] "GET /stylesheets/style.css HTTP/1.1" 200 111 "http://localhost:3000/" "Mozilla/5.0 (Windows NT 10.0; Win64; x64) AppleWebKit/537.36 (KHTML, like Gecko) Chrome/69.0.3497.100 Safari/537.36 OPR/56.0.3051.99"

2018-11-08 17:22:48 info: 	::1 - - [08/Nov/2018:11:52:48 +0000] "GET /favicon.ico HTTP/1.1" 404 1042 "http://localhost:3000/" "Mozilla/5.0 (Windows NT 10.0; Win64; x64) AppleWebKit/537.36 (KHTML, like Gecko) Chrome/69.0.3497.100 Safari/537.36 OPR/56.0.3051.99"

2018-11-08 17:24:09 info: 	::1 - - [08/Nov/2018:11:54:09 +0000] "GET / HTTP/1.1" 200 170 "-" "Mozilla/5.0 (Windows NT 10.0; Win64; x64; rv:63.0) Gecko/20100101 Firefox/63.0"

2018-11-08 17:24:09 info: 	::1 - - [08/Nov/2018:11:54:09 +0000] "GET /stylesheets/style.css HTTP/1.1" 200 111 "http://localhost:3000/" "Mozilla/5.0 (Windows NT 10.0; Win64; x64; rv:63.0) Gecko/20100101 Firefox/63.0"

2018-11-08 17:24:09 info: 	::1 - - [08/Nov/2018:11:54:09 +0000] "GET /favicon.ico HTTP/1.1" 404 1042 "-" "Mozilla/5.0 (Windows NT 10.0; Win64; x64; rv:63.0) Gecko/20100101 Firefox/63.0"

{"message":"::1 - - [08/Nov/2018:11:56:28 +0000] \"GET / HTTP/1.1\" 304 - \"-\" \"Mozilla/5.0 (Windows NT 10.0; Win64; x64; rv:63.0) Gecko/20100101 Firefox/63.0\"\n","level":"info"}
{"message":"::1 - - [08/Nov/2018:11:56:28 +0000] \"GET /stylesheets/style.css HTTP/1.1\" 304 - \"http://localhost:3000/\" \"Mozilla/5.0 (Windows NT 10.0; Win64; x64; rv:63.0) Gecko/20100101 Firefox/63.0\"\n","level":"info"}
{"message":"::1 - - [08/Nov/2018:11:56:28 +0000] \"GET /favicon.ico HTTP/1.1\" 404 1042 \"-\" \"Mozilla/5.0 (Windows NT 10.0; Win64; x64; rv:63.0) Gecko/20100101 Firefox/63.0\"\n","level":"info"}
undefined
undefined
undefined
{"message":"::1 - - [08/Nov/2018:11:57:26 +0000] \"GET / HTTP/1.1\" 304 - \"-\" \"Mozilla/5.0 (Windows NT 10.0; Win64; x64; rv:63.0) Gecko/20100101 Firefox/63.0\"\n","level":"info"}
{"message":"::1 - - [08/Nov/2018:11:57:26 +0000] \"GET /stylesheets/style.css HTTP/1.1\" 304 - \"http://localhost:3000/\" \"Mozilla/5.0 (Windows NT 10.0; Win64; x64; rv:63.0) Gecko/20100101 Firefox/63.0\"\n","level":"info"}
{"message":"::1 - - [08/Nov/2018:11:57:26 +0000] \"GET /favicon.ico HTTP/1.1\" 404 1042 \"-\" \"Mozilla/5.0 (Windows NT 10.0; Win64; x64; rv:63.0) Gecko/20100101 Firefox/63.0\"\n","level":"info"}
{"message":"::1 - - [08/Nov/2018:11:57:42 +0000] \"GET / HTTP/1.1\" 200 170 \"-\" \"-\"\n","level":"info"}
{"message":"::1 - - [08/Nov/2018:11:57:52 +0000] \"GET / HTTP/1.1\" 304 - \"-\" \"Mozilla/5.0 (Windows NT 10.0; Win64; x64) AppleWebKit/537.36 (KHTML, like Gecko) Chrome/70.0.3538.77 Safari/537.36\"\n","level":"info"}
{"message":"::1 - - [08/Nov/2018:11:57:52 +0000] \"GET /stylesheets/style.css HTTP/1.1\" 304 - \"http://localhost:3000/\" \"Mozilla/5.0 (Windows NT 10.0; Win64; x64) AppleWebKit/537.36 (KHTML, like Gecko) Chrome/70.0.3538.77 Safari/537.36\"\n","level":"info"}
undefined
undefined
undefined
2018-11-08 17:29:40 info: ::1 - - [08/Nov/2018:11:59:40 +0000] "GET / HTTP/1.1" 200 170 "-" "-"

{"message":"::1 - - [08/Nov/2018:11:59:58 +0000] \"GET / HTTP/1.1\" 200 170 \"-\" \"-\"\n","level":"info"}
{"message":"::1 - - [08/Nov/2018:12:00:10 +0000] \"GET / HTTP/1.1\" 200 170 \"-\" \"-\"\n","level":"info"}
undefined
{"message":"::1 - - [08/Nov/2018:12:00:44 +0000] \"GET / HTTP/1.1\" 200 170 \"-\" \"-\"\n","level":"info"}
{"message":"::1 - - [08/Nov/2018:12:01:12 +0000] \"GET / HTTP/1.1\" 200 170 \"-\" \"-\"\n","level":"info"}
{"message":"::1 - - [08/Nov/2018:12:01:23 +0000] \"GET / HTTP/1.1\" 200 170 \"-\" \"-\"\n","level":"info"}
{"message":"::1 - - [08/Nov/2018:12:02:41 +0000] \"GET / HTTP/1.1\" 200 170 \"-\" \"-\"\n","level":"\u001b[32minfo\u001b[39m"}
{"message":"::1 - - [08/Nov/2018:12:03:55 +0000] \"GET / HTTP/1.1\" 200 170 \"-\" \"-\"\n","level":"\u001b[32minfo\u001b[39m"}
{"error":{},"level":"\u001b[31merror\u001b[39m","message":"uncaughtException: winston.format.colorize is not a function\nTypeError: winston.format.colorize is not a function\n    at Object.write (D:\\Node Programs\\myapp\\config\\winston.js:33:24)\n    at Array.logRequest (D:\\Node Programs\\myapp\\node_modules\\morgan\\index.js:130:14)\n    at listener (D:\\Node Programs\\myapp\\node_modules\\on-finished\\index.js:169:15)\n    at onFinish (D:\\Node Programs\\myapp\\node_modules\\on-finished\\index.js:100:5)\n    at callback (D:\\Node Programs\\myapp\\node_modules\\ee-first\\index.js:55:10)\n    at ServerResponse.onevent (D:\\Node Programs\\myapp\\node_modules\\ee-first\\index.js:93:5)\n    at ServerResponse.emit (events.js:187:15)\n    at onFinish (_http_outgoing.js:678:10)\n    at process.internalTickCallback (internal/process/next_tick.js:70:11)","stack":"TypeError: winston.format.colorize is not a function\n    at Object.write (D:\\Node Programs\\myapp\\config\\winston.js:33:24)\n    at Array.logRequest (D:\\Node Programs\\myapp\\node_modules\\morgan\\index.js:130:14)\n    at listener (D:\\Node Programs\\myapp\\node_modules\\on-finished\\index.js:169:15)\n    at onFinish (D:\\Node Programs\\myapp\\node_modules\\on-finished\\index.js:100:5)\n    at callback (D:\\Node Programs\\myapp\\node_modules\\ee-first\\index.js:55:10)\n    at ServerResponse.onevent (D:\\Node Programs\\myapp\\node_modules\\ee-first\\index.js:93:5)\n    at ServerResponse.emit (events.js:187:15)\n    at onFinish (_http_outgoing.js:678:10)\n    at process.internalTickCallback (internal/process/next_tick.js:70:11)","exception":true,"date":"Thu Nov 08 2018 17:34:12 GMT+0530 (India Standard Time)","process":{"pid":3568,"uid":null,"gid":null,"cwd":"D:\\Node Programs\\myapp","execPath":"C:\\Program Files\\nodejs\\node.exe","version":"v11.1.0","argv":["C:\\Program Files\\nodejs\\node.exe","D:\\Node Programs\\myapp\\bin\\www","myapp"],"memoryUsage":{"rss":42500096,"heapTotal":35094528,"heapUsed":15913232,"external":560583}},"os":{"loadavg":[0,0,0],"uptime":89290},"trace":[{"column":24,"file":"D:\\Node Programs\\myapp\\config\\winston.js","function":"Object.write","line":33,"method":"write","native":false},{"column":14,"file":"D:\\Node Programs\\myapp\\node_modules\\morgan\\index.js","function":"Array.logRequest","line":130,"method":"logRequest","native":false},{"column":15,"file":"D:\\Node Programs\\myapp\\node_modules\\on-finished\\index.js","function":"listener","line":169,"method":null,"native":false},{"column":5,"file":"D:\\Node Programs\\myapp\\node_modules\\on-finished\\index.js","function":"onFinish","line":100,"method":null,"native":false},{"column":10,"file":"D:\\Node Programs\\myapp\\node_modules\\ee-first\\index.js","function":"callback","line":55,"method":null,"native":false},{"column":5,"file":"D:\\Node Programs\\myapp\\node_modules\\ee-first\\index.js","function":"ServerResponse.onevent","line":93,"method":"onevent","native":false},{"column":15,"file":"events.js","function":"ServerResponse.emit","line":187,"method":"emit","native":false},{"column":10,"file":"_http_outgoing.js","function":"onFinish","line":678,"method":null,"native":false},{"column":11,"file":"internal/process/next_tick.js","function":"process.internalTickCallback","line":70,"method":"internalTickCallback","native":false}]}
{"message":"::1 - - [08/Nov/2018:12:05:18 +0000] \"GET / HTTP/1.1\" 200 170 \"-\" \"-\"\n","level":"\u001b[32minfo\u001b[39m"}
{"message":"::1 - - [08/Nov/2018:12:05:31 +0000] \"GET / HTTP/1.1\" 304 - \"-\" \"Mozilla/5.0 (Windows NT 10.0; Win64; x64) AppleWebKit/537.36 (KHTML, like Gecko) Chrome/70.0.3538.77 Safari/537.36\"\n","level":"\u001b[32minfo\u001b[39m"}
{"message":"::1 - - [08/Nov/2018:12:05:31 +0000] \"GET /stylesheets/style.css HTTP/1.1\" 304 - \"http://localhost:3000/\" \"Mozilla/5.0 (Windows NT 10.0; Win64; x64) AppleWebKit/537.36 (KHTML, like Gecko) Chrome/70.0.3538.77 Safari/537.36\"\n","level":"\u001b[32minfo\u001b[39m"}
{"error":{},"level":"\u001b[31merror\u001b[39m","message":"uncaughtException: winston.format.colorize is not a function\nTypeError: winston.format.colorize is not a function\n    at Object.write (D:\\Node Programs\\myapp\\config\\winston.js:41:24)\n    at Array.logRequest (D:\\Node Programs\\myapp\\node_modules\\morgan\\index.js:130:14)\n    at listener (D:\\Node Programs\\myapp\\node_modules\\on-finished\\index.js:169:15)\n    at onFinish (D:\\Node Programs\\myapp\\node_modules\\on-finished\\index.js:100:5)\n    at callback (D:\\Node Programs\\myapp\\node_modules\\ee-first\\index.js:55:10)\n    at ServerResponse.onevent (D:\\Node Programs\\myapp\\node_modules\\ee-first\\index.js:93:5)\n    at ServerResponse.emit (events.js:187:15)\n    at onFinish (_http_outgoing.js:678:10)\n    at afterWrite (_stream_writable.js:480:3)\n    at process.internalTickCallback (internal/process/next_tick.js:72:19)","stack":"TypeError: winston.format.colorize is not a function\n    at Object.write (D:\\Node Programs\\myapp\\config\\winston.js:41:24)\n    at Array.logRequest (D:\\Node Programs\\myapp\\node_modules\\morgan\\index.js:130:14)\n    at listener (D:\\Node Programs\\myapp\\node_modules\\on-finished\\index.js:169:15)\n    at onFinish (D:\\Node Programs\\myapp\\node_modules\\on-finished\\index.js:100:5)\n    at callback (D:\\Node Programs\\myapp\\node_modules\\ee-first\\index.js:55:10)\n    at ServerResponse.onevent (D:\\Node Programs\\myapp\\node_modules\\ee-first\\index.js:93:5)\n    at ServerResponse.emit (events.js:187:15)\n    at onFinish (_http_outgoing.js:678:10)\n    at afterWrite (_stream_writable.js:480:3)\n    at process.internalTickCallback (internal/process/next_tick.js:72:19)","exception":true,"date":"Thu Nov 08 2018 17:37:07 GMT+0530 (India Standard Time)","process":{"pid":5488,"uid":null,"gid":null,"cwd":"D:\\Node Programs\\myapp","execPath":"C:\\Program Files\\nodejs\\node.exe","version":"v11.1.0","argv":["C:\\Program Files\\nodejs\\node.exe","D:\\Node Programs\\myapp\\bin\\www","myapp"],"memoryUsage":{"rss":41852928,"heapTotal":35094528,"heapUsed":17305664,"external":568775}},"os":{"loadavg":[0,0,0],"uptime":89465},"trace":[{"column":24,"file":"D:\\Node Programs\\myapp\\config\\winston.js","function":"Object.write","line":41,"method":"write","native":false},{"column":14,"file":"D:\\Node Programs\\myapp\\node_modules\\morgan\\index.js","function":"Array.logRequest","line":130,"method":"logRequest","native":false},{"column":15,"file":"D:\\Node Programs\\myapp\\node_modules\\on-finished\\index.js","function":"listener","line":169,"method":null,"native":false},{"column":5,"file":"D:\\Node Programs\\myapp\\node_modules\\on-finished\\index.js","function":"onFinish","line":100,"method":null,"native":false},{"column":10,"file":"D:\\Node Programs\\myapp\\node_modules\\ee-first\\index.js","function":"callback","line":55,"method":null,"native":false},{"column":5,"file":"D:\\Node Programs\\myapp\\node_modules\\ee-first\\index.js","function":"ServerResponse.onevent","line":93,"method":"onevent","native":false},{"column":15,"file":"events.js","function":"ServerResponse.emit","line":187,"method":"emit","native":false},{"column":10,"file":"_http_outgoing.js","function":"onFinish","line":678,"method":null,"native":false},{"column":3,"file":"_stream_writable.js","function":"afterWrite","line":480,"method":null,"native":false},{"column":19,"file":"internal/process/next_tick.js","function":"process.internalTickCallback","line":72,"method":"internalTickCallback","native":false}]}
{"error":{},"level":"\u001b[31merror\u001b[39m","message":"uncaughtException: winston.format.colorize is not a function\nTypeError: winston.format.colorize is not a function\n    at Object.write (D:\\Node Programs\\myapp\\config\\winston.js:41:24)\n    at Array.logRequest (D:\\Node Programs\\myapp\\node_modules\\morgan\\index.js:130:14)\n    at listener (D:\\Node Programs\\myapp\\node_modules\\on-finished\\index.js:169:15)\n    at onFinish (D:\\Node Programs\\myapp\\node_modules\\on-finished\\index.js:100:5)\n    at callback (D:\\Node Programs\\myapp\\node_modules\\ee-first\\index.js:55:10)\n    at ServerResponse.onevent (D:\\Node Programs\\myapp\\node_modules\\ee-first\\index.js:93:5)\n    at ServerResponse.emit (events.js:187:15)\n    at onFinish (_http_outgoing.js:678:10)\n    at process.internalTickCallback (internal/process/next_tick.js:70:11)","stack":"TypeError: winston.format.colorize is not a function\n    at Object.write (D:\\Node Programs\\myapp\\config\\winston.js:41:24)\n    at Array.logRequest (D:\\Node Programs\\myapp\\node_modules\\morgan\\index.js:130:14)\n    at listener (D:\\Node Programs\\myapp\\node_modules\\on-finished\\index.js:169:15)\n    at onFinish (D:\\Node Programs\\myapp\\node_modules\\on-finished\\index.js:100:5)\n    at callback (D:\\Node Programs\\myapp\\node_modules\\ee-first\\index.js:55:10)\n    at ServerResponse.onevent (D:\\Node Programs\\myapp\\node_modules\\ee-first\\index.js:93:5)\n    at ServerResponse.emit (events.js:187:15)\n    at onFinish (_http_outgoing.js:678:10)\n    at process.internalTickCallback (internal/process/next_tick.js:70:11)","exception":true,"date":"Thu Nov 08 2018 17:38:43 GMT+0530 (India Standard Time)","process":{"pid":11568,"uid":null,"gid":null,"cwd":"D:\\Node Programs\\myapp","execPath":"C:\\Program Files\\nodejs\\node.exe","version":"v11.1.0","argv":["C:\\Program Files\\nodejs\\node.exe","D:\\Node Programs\\myapp\\bin\\www","myapp"],"memoryUsage":{"rss":42422272,"heapTotal":35094528,"heapUsed":15925144,"external":560583}},"os":{"loadavg":[0,0,0],"uptime":89560},"trace":[{"column":24,"file":"D:\\Node Programs\\myapp\\config\\winston.js","function":"Object.write","line":41,"method":"write","native":false},{"column":14,"file":"D:\\Node Programs\\myapp\\node_modules\\morgan\\index.js","function":"Array.logRequest","line":130,"method":"logRequest","native":false},{"column":15,"file":"D:\\Node Programs\\myapp\\node_modules\\on-finished\\index.js","function":"listener","line":169,"method":null,"native":false},{"column":5,"file":"D:\\Node Programs\\myapp\\node_modules\\on-finished\\index.js","function":"onFinish","line":100,"method":null,"native":false},{"column":10,"file":"D:\\Node Programs\\myapp\\node_modules\\ee-first\\index.js","function":"callback","line":55,"method":null,"native":false},{"column":5,"file":"D:\\Node Programs\\myapp\\node_modules\\ee-first\\index.js","function":"ServerResponse.onevent","line":93,"method":"onevent","native":false},{"column":15,"file":"events.js","function":"ServerResponse.emit","line":187,"method":"emit","native":false},{"column":10,"file":"_http_outgoing.js","function":"onFinish","line":678,"method":null,"native":false},{"column":11,"file":"internal/process/next_tick.js","function":"process.internalTickCallback","line":70,"method":"internalTickCallback","native":false}]}
{"message":"::1 - - [08/Nov/2018:12:11:14 +0000] \"GET / HTTP/1.1\" 304 - \"-\" \"Mozilla/5.0 (Windows NT 10.0; Win64; x64) AppleWebKit/537.36 (KHTML, like Gecko) Chrome/70.0.3538.77 Safari/537.36\"\n","level":"info"}
{"message":"::1 - - [08/Nov/2018:12:11:14 +0000] \"GET /stylesheets/style.css HTTP/1.1\" 304 - \"http://localhost:3000/\" \"Mozilla/5.0 (Windows NT 10.0; Win64; x64) AppleWebKit/537.36 (KHTML, like Gecko) Chrome/70.0.3538.77 Safari/537.36\"\n","level":"info"}
{"message":"::1 - - [08/Nov/2018:12:11:32 +0000] \"GET / HTTP/1.1\" 304 - \"-\" \"Mozilla/5.0 (Windows NT 10.0; Win64; x64) AppleWebKit/537.36 (KHTML, like Gecko) Chrome/70.0.3538.77 Safari/537.36\"\n","level":"info"}
{"message":"::1 - - [08/Nov/2018:12:11:32 +0000] \"GET /stylesheets/style.css HTTP/1.1\" 304 - \"http://localhost:3000/\" \"Mozilla/5.0 (Windows NT 10.0; Win64; x64) AppleWebKit/537.36 (KHTML, like Gecko) Chrome/70.0.3538.77 Safari/537.36\"\n","level":"info"}
{"message":"::1 - - [08/Nov/2018:12:11:43 +0000] \"GET /hj HTTP/1.1\" 404 1042 \"-\" \"Mozilla/5.0 (Windows NT 10.0; Win64; x64) AppleWebKit/537.36 (KHTML, like Gecko) Chrome/70.0.3538.77 Safari/537.36\"\n","level":"info"}
{"message":"::1 - - [08/Nov/2018:12:11:43 +0000] \"GET /stylesheets/style.css HTTP/1.1\" 304 - \"http://localhost:3000/hj\" \"Mozilla/5.0 (Windows NT 10.0; Win64; x64) AppleWebKit/537.36 (KHTML, like Gecko) Chrome/70.0.3538.77 Safari/537.36\"\n","level":"info"}
{"error":{},"level":"error","message":"uncaughtException: jbj is not defined\nReferenceError: jbj is not defined\n    at Object.write (D:\\Node Programs\\myapp\\config\\winston.js:41:9)\n    at Array.logRequest (D:\\Node Programs\\myapp\\node_modules\\morgan\\index.js:130:14)\n    at listener (D:\\Node Programs\\myapp\\node_modules\\on-finished\\index.js:169:15)\n    at onFinish (D:\\Node Programs\\myapp\\node_modules\\on-finished\\index.js:100:5)\n    at callback (D:\\Node Programs\\myapp\\node_modules\\ee-first\\index.js:55:10)\n    at ServerResponse.onevent (D:\\Node Programs\\myapp\\node_modules\\ee-first\\index.js:93:5)\n    at ServerResponse.emit (events.js:187:15)\n    at onFinish (_http_outgoing.js:678:10)\n    at afterWrite (_stream_writable.js:480:3)\n    at process.internalTickCallback (internal/process/next_tick.js:72:19)","stack":"ReferenceError: jbj is not defined\n    at Object.write (D:\\Node Programs\\myapp\\config\\winston.js:41:9)\n    at Array.logRequest (D:\\Node Programs\\myapp\\node_modules\\morgan\\index.js:130:14)\n    at listener (D:\\Node Programs\\myapp\\node_modules\\on-finished\\index.js:169:15)\n    at onFinish (D:\\Node Programs\\myapp\\node_modules\\on-finished\\index.js:100:5)\n    at callback (D:\\Node Programs\\myapp\\node_modules\\ee-first\\index.js:55:10)\n    at ServerResponse.onevent (D:\\Node Programs\\myapp\\node_modules\\ee-first\\index.js:93:5)\n    at ServerResponse.emit (events.js:187:15)\n    at onFinish (_http_outgoing.js:678:10)\n    at afterWrite (_stream_writable.js:480:3)\n    at process.internalTickCallback (internal/process/next_tick.js:72:19)","exception":true,"date":"Thu Nov 08 2018 17:42:34 GMT+0530 (India Standard Time)","process":{"pid":5608,"uid":null,"gid":null,"cwd":"D:\\Node Programs\\myapp","execPath":"C:\\Program Files\\nodejs\\node.exe","version":"v11.1.0","argv":["C:\\Program Files\\nodejs\\node.exe","D:\\Node Programs\\myapp\\bin\\www","myapp"],"memoryUsage":{"rss":42172416,"heapTotal":35094528,"heapUsed":17301976,"external":568775}},"os":{"loadavg":[0,0,0],"uptime":89792},"trace":[{"column":9,"file":"D:\\Node Programs\\myapp\\config\\winston.js","function":"Object.write","line":41,"method":"write","native":false},{"column":14,"file":"D:\\Node Programs\\myapp\\node_modules\\morgan\\index.js","function":"Array.logRequest","line":130,"method":"logRequest","native":false},{"column":15,"file":"D:\\Node Programs\\myapp\\node_modules\\on-finished\\index.js","function":"listener","line":169,"method":null,"native":false},{"column":5,"file":"D:\\Node Programs\\myapp\\node_modules\\on-finished\\index.js","function":"onFinish","line":100,"method":null,"native":false},{"column":10,"file":"D:\\Node Programs\\myapp\\node_modules\\ee-first\\index.js","function":"callback","line":55,"method":null,"native":false},{"column":5,"file":"D:\\Node Programs\\myapp\\node_modules\\ee-first\\index.js","function":"ServerResponse.onevent","line":93,"method":"onevent","native":false},{"column":15,"file":"events.js","function":"ServerResponse.emit","line":187,"method":"emit","native":false},{"column":10,"file":"_http_outgoing.js","function":"onFinish","line":678,"method":null,"native":false},{"column":3,"file":"_stream_writable.js","function":"afterWrite","line":480,"method":null,"native":false},{"column":19,"file":"internal/process/next_tick.js","function":"process.internalTickCallback","line":72,"method":"internalTickCallback","native":false}]}
{"message":"::1 - - [08/Nov/2018:12:19:34 +0000] \"GET / HTTP/1.1\" 200 170 \"-\" \"-\"\n","level":"info"}
{"message":"::1 - - [08/Nov/2018:12:22:06 +0000] \"GET / HTTP/1.1\" 200 170 \"-\" \"-\"\n","level":"info"}
{"message":"::1 - - [08/Nov/2018:12:22:31 +0000] \"GET / HTTP/1.1\" 200 170 \"-\" \"-\"\n","level":"info"}
{"message":"::1 - - [08/Nov/2018:12:22:55 +0000] \"GET / HTTP/1.1\" 200 170 \"-\" \"-\"\n","level":"info"}
{"message":"::1 - - [08/Nov/2018:12:24:07 +0000] \"GET / HTTP/1.1\" 200 170 \"-\" \"-\"\n","level":"info"}
{"message":"::1 - - [08/Nov/2018:12:26:31 +0000] \"GET / HTTP/1.1\" 200 170 \"-\" \"-\"\n","level":"info"}
{"message":"::1 - - [08/Nov/2018:12:27:02 +0000] \"GET / HTTP/1.1\" 200 170 \"-\" \"-\"\n","level":"info"}
{"message":"\u001b[32m::1 - - [08/Nov/2018:12:37:55 +0000] \"GET / HTTP/1.1\" 200 170 \"-\" \"-\"\u001b[39m\n\u001b[32m\u001b[39m","level":"\u001b[32minfo\u001b[39m"}
{"message":"\u001b[32m::1 - - [08/Nov/2018:12:38:38 +0000] \"GET / HTTP/1.1\" 200 170 \"-\" \"-\"\u001b[39m\n\u001b[32m\u001b[39m","level":"\u001b[32minfo\u001b[39m"}
{"message":"::1 - - [08/Nov/2018:12:40:29 +0000] \"GET / HTTP/1.1\" 200 170 \"-\" \"-\"\n","level":"info"}
{"message":"::1 - - [08/Nov/2018:12:40:46 +0000] \"GET / HTTP/1.1\" 200 170 \"-\" \"-\"\n","level":"info"}
{"message":"::1 - - [08/Nov/2018:12:41:01 +0000] \"GET / HTTP/1.1\" 304 - \"-\" \"Mozilla/5.0 (Windows NT 10.0; Win64; x64) AppleWebKit/537.36 (KHTML, like Gecko) Chrome/70.0.3538.77 Safari/537.36\"\n","level":"info"}
{"message":"::1 - - [08/Nov/2018:12:41:01 +0000] \"GET /stylesheets/style.css HTTP/1.1\" 304 - \"http://localhost:3000/\" \"Mozilla/5.0 (Windows NT 10.0; Win64; x64) AppleWebKit/537.36 (KHTML, like Gecko) Chrome/70.0.3538.77 Safari/537.36\"\n","level":"info"}
{"message":"::1 - - [08/Nov/2018:12:43:15 +0000] \"GET / HTTP/1.1\" 200 170 \"-\" \"-\"\n","level":"info"}
{"@message":"\t::1 - - [08/Nov/2018:12:46:00 +0000] \"GET / HTTP/1.1\" 200 170 \"-\" \"-\"\n","@fields":{"level":"info"}}
{"@message":"\t::1 - - [08/Nov/2018:12:52:44 +0000] \"GET / HTTP/1.1\" 200 170 \"-\" \"-\"\n","@fields":{"level":"info"}}
{"@message":"\t::1 - - [08/Nov/2018:12:53:13 +0000] \"GET / HTTP/1.1\" 200 170 \"-\" \"-\"\n","@fields":{"level":"info","metadata":{}}}
{"@message":"\t::1 - - [08/Nov/2018:12:53:33 +0000] \"GET / HTTP/1.1\" 200 170 \"-\" \"-\"\n","@fields":{"level":"info","metadata":{}}}
{"@message":"\t::1 - - [08/Nov/2018:12:53:56 +0000] \"GET / HTTP/1.1\" 200 170 \"-\" \"-\"\n","@fields":{"level":"info","metadata":{}}}
{"@message":"\t::1 - - [08/Nov/2018:12:55:00 +0000] \"GET / HTTP/1.1\" 200 170 \"-\" \"-\"\n","@fields":{"level":"info","metadata":{}}}
{"@message":"\t::1 - - [08/Nov/2018:12:55:08 +0000] \"GET / HTTP/1.1\" 304 - \"-\" \"Mozilla/5.0 (Windows NT 10.0; Win64; x64) AppleWebKit/537.36 (KHTML, like Gecko) Chrome/70.0.3538.77 Safari/537.36\"\n","@fields":{"level":"info","metadata":{}}}
{"@message":"\t::1 - - [08/Nov/2018:12:55:08 +0000] \"GET /stylesheets/style.css HTTP/1.1\" 304 - \"http://localhost:3000/\" \"Mozilla/5.0 (Windows NT 10.0; Win64; x64) AppleWebKit/537.36 (KHTML, like Gecko) Chrome/70.0.3538.77 Safari/537.36\"\n","@fields":{"level":"info","metadata":{}}}
{"@message":"\t::1 - - [08/Nov/2018:12:55:44 +0000] \"GET / HTTP/1.1\" 304 - \"-\" \"Mozilla/5.0 (Windows NT 10.0; Win64; x64) AppleWebKit/537.36 (KHTML, like Gecko) Chrome/70.0.3538.77 Safari/537.36\"\n","@fields":{"level":"info","metadata":{}}}
{"@message":"\t::1 - - [08/Nov/2018:12:55:44 +0000] \"GET /stylesheets/style.css HTTP/1.1\" 304 - \"http://localhost:3000/\" \"Mozilla/5.0 (Windows NT 10.0; Win64; x64) AppleWebKit/537.36 (KHTML, like Gecko) Chrome/70.0.3538.77 Safari/537.36\"\n","@fields":{"level":"info","metadata":{}}}
{"@message":"\t::1 - - [08/Nov/2018:12:55:47 +0000] \"GET / HTTP/1.1\" 200 170 \"-\" \"-\"\n","@fields":{"level":"info","metadata":{}}}
{"@message":"\t::1 - - [08/Nov/2018:12:56:50 +0000] \"GET / HTTP/1.1\" 200 170 \"-\" \"-\"\n","@fields":{"level":"info","metadata":{}}}
{"message":"::1 - - [08/Nov/2018:12:57:06 +0000] \"GET / HTTP/1.1\" 200 170 \"-\" \"-\"\n","level":"info"}
{ message:
   '\t::1 - - [08/Nov/2018:12:57:24 +0000] "GET / HTTP/1.1" 200 170 "-" "-"\n',
  level: 'info',
  [Symbol(level)]: 'info',
  [Symbol(message)]:
   '{"message":"::1 - - [08/Nov/2018:12:57:24 +0000] \\"GET / HTTP/1.1\\" 200 170 \\"-\\" \\"-\\"\\n","level":"info"}' }
{ message:
   '\t::1 - - [08/Nov/2018:12:58:11 +0000] "GET / HTTP/1.1" 200 170 "-" "-"\n',
  level: 'info',
  [Symbol(level)]: 'info',
  [Symbol(message)]:
   '{"message":"::1 - - [08/Nov/2018:12:58:11 +0000] \\"GET / HTTP/1.1\\" 200 170 \\"-\\" \\"-\\"\\n","level":"info"}' }
{"message":"::1 - - [08/Nov/2018:12:58:20 +0000] \"GET / HTTP/1.1\" 200 170 \"-\" \"-\"\n","level":"info"}
{"message":"::1 - - [08/Nov/2018:12:58:52 +0000] \"GET / HTTP/1.1\" 200 170 \"-\" \"-\"\n","level":"info","timestamp":"2018-11-08T12:58:52.295Z"}
{"message":"::1 - - [08/Nov/2018:13:00:06 +0000] \"GET / HTTP/1.1\" 200 170 \"-\" \"-\"\n","level":"info","timestamp":"2018-11-08T13:00:06.188Z"}
{"message":"::1 - - [08/Nov/2018:13:00:31 +0000] \"GET / HTTP/1.1\" 200 170 \"-\" \"-\"\n","level":"info"}
{"message":"::1 - - [08/Nov/2018:13:00:46 +0000] \"GET / HTTP/1.1\" 200 170 \"-\" \"-\"\n","level":"info"}
{"message":"::1 - - [08/Nov/2018:13:02:50 +0000] \"GET / HTTP/1.1\" 200 170 \"-\" \"-\"\n","level":"info"}
